<?xml version="1.0" encoding="UTF-8"?>
<!-- Generated by org.testng.reporters.JUnitReportReporter -->
<testsuite hostname="DESKTOP-PR6UAFV" failures="0" tests="1" name="TestngSample" time="12.028" errors="0" timestamp="2021-07-02T16:47:12 IST" skipped="0">
  <testcase classname="TestngSample" name="preCondition" time="12.028"/>
  <system-out/>
</testsuite> <!-- TestngSample -->
