<?xml version="1.0" encoding="UTF-8"?>
<!-- Generated by org.testng.reporters.JUnitReportReporter -->
<testsuite hostname="DESKTOP-PR6UAFV" failures="0" tests="1" name="runner.runnerClass" time="6.631" errors="0" timestamp="2021-07-02T16:48:03 IST" skipped="0">
  <testcase classname="runner.runnerClass" name="runScenario" time="6.631"/>
  <system-out/>
</testsuite> <!-- runner.runnerClass -->
